<?xml version="1.0" encoding="UTF-8"?>
<testng-results skipped="0" failed="0" ignored="0" total="1" passed="1">
  <reporter-output>
  </reporter-output>
  <suite name="Default suite" duration-ms="135442" started-at="2019-12-08T17:50:46Z" finished-at="2019-12-08T17:53:02Z">
    <groups>
    </groups>
    <test name="Default test" duration-ms="135442" started-at="2019-12-08T17:50:46Z" finished-at="2019-12-08T17:53:02Z">
      <class name="com.select.option.SelectOPt_sel">
        <test-method status="PASS" signature="openBrowser()[pri:0, instance:com.select.option.SelectOPt_sel@2833cc44]" name="openBrowser" is-config="true" duration-ms="35817" started-at="2019-12-08T17:50:46Z" finished-at="2019-12-08T17:51:22Z">
          <reporter-output>
          </reporter-output>
        </test-method> <!-- openBrowser -->
        <test-method status="PASS" signature="dragDrop()[pri:0, instance:com.select.option.SelectOPt_sel@2833cc44]" name="dragDrop" duration-ms="99548" started-at="2019-12-08T17:51:22Z" finished-at="2019-12-08T17:53:02Z">
          <reporter-output>
          </reporter-output>
        </test-method> <!-- dragDrop -->
        <test-method status="PASS" signature="closeBroser()[pri:0, instance:com.select.option.SelectOPt_sel@2833cc44]" name="closeBroser" is-config="true" duration-ms="1" started-at="2019-12-08T17:53:02Z" finished-at="2019-12-08T17:53:02Z">
          <reporter-output>
          </reporter-output>
        </test-method> <!-- closeBroser -->
      </class> <!-- com.select.option.SelectOPt_sel -->
    </test> <!-- Default test -->
  </suite> <!-- Default suite -->
</testng-results>
