<?xml version="1.0" encoding="UTF-8"?>
<testng-results skipped="0" failed="0" ignored="0" total="1" passed="1">
  <reporter-output>
  </reporter-output>
  <suite name="Default suite" duration-ms="36155" started-at="2019-12-08T14:49:09Z" finished-at="2019-12-08T14:49:45Z">
    <groups>
    </groups>
    <test name="Default test" duration-ms="36155" started-at="2019-12-08T14:49:09Z" finished-at="2019-12-08T14:49:45Z">
      <class name="org.techAltum.com.Nukri_mouse_hover">
        <test-method status="PASS" signature="openBrowser()[pri:0, instance:org.techAltum.com.Nukri_mouse_hover@2833cc44]" name="openBrowser" is-config="true" duration-ms="34833" started-at="2019-12-08T14:49:09Z" finished-at="2019-12-08T14:49:43Z">
          <reporter-output>
          </reporter-output>
        </test-method> <!-- openBrowser -->
        <test-method status="PASS" signature="mouseHover()[pri:0, instance:org.techAltum.com.Nukri_mouse_hover@2833cc44]" name="mouseHover" duration-ms="1220" started-at="2019-12-08T14:49:43Z" finished-at="2019-12-08T14:49:45Z">
          <reporter-output>
          </reporter-output>
        </test-method> <!-- mouseHover -->
        <test-method status="PASS" signature="closeChromeBrowser()[pri:0, instance:org.techAltum.com.Nukri_mouse_hover@2833cc44]" name="closeChromeBrowser" is-config="true" duration-ms="1" started-at="2019-12-08T14:49:45Z" finished-at="2019-12-08T14:49:45Z">
          <reporter-output>
          </reporter-output>
        </test-method> <!-- closeChromeBrowser -->
      </class> <!-- org.techAltum.com.Nukri_mouse_hover -->
    </test> <!-- Default test -->
  </suite> <!-- Default suite -->
</testng-results>
