<?xml version="1.0" encoding="UTF-8"?>
<testng-results skipped="0" failed="0" ignored="0" total="1" passed="1">
  <reporter-output>
  </reporter-output>
  <suite name="Suite" duration-ms="93553" started-at="2019-11-21T01:57:56Z" finished-at="2019-11-21T01:59:29Z">
    <groups>
    </groups>
    <test name="Test" duration-ms="93553" started-at="2019-11-21T01:57:56Z" finished-at="2019-11-21T01:59:29Z">
      <class name="org.techltum.TC01">
        <test-method status="PASS" signature="openBrowser()[pri:0, instance:org.techltum.TC01@2833cc44]" name="openBrowser" is-config="true" duration-ms="47673" started-at="2019-11-21T01:57:56Z" finished-at="2019-11-21T01:58:44Z">
          <reporter-output>
          </reporter-output>
        </test-method> <!-- openBrowser -->
        <test-method status="PASS" signature="testNaukri()[pri:0, instance:org.techltum.TC01@2833cc44]" name="testNaukri" duration-ms="45562" started-at="2019-11-21T01:58:44Z" finished-at="2019-11-21T01:59:29Z">
          <reporter-output>
          </reporter-output>
        </test-method> <!-- testNaukri -->
        <test-method status="PASS" signature="closeBrowser()[pri:0, instance:org.techltum.TC01@2833cc44]" name="closeBrowser" is-config="true" duration-ms="0" started-at="2019-11-21T01:59:29Z" finished-at="2019-11-21T01:59:29Z">
          <reporter-output>
          </reporter-output>
        </test-method> <!-- closeBrowser -->
      </class> <!-- org.techltum.TC01 -->
    </test> <!-- Test -->
  </suite> <!-- Suite -->
</testng-results>
